<?xml version="1.0" encoding="UTF-8"?>
<!-- Generated by org.testng.reporters.JUnitXMLReporter -->
<testsuite ignored="3" hostname="Acer_Swift_GO" failures="0" tests="1" name="Default test" time="21.247" errors="0" timestamp="2024-10-26T12:06:18 IST">
  <testcase classname="com.qa.AutomationExercise.page_test.Sign_Up_Page_Test_1" name="Verify_Login" time="7.864"/>
  <testcase classname="com.qa.AutomationExercise.page_test.Sign_Up_Page_Test_1" name="Verify_Signup" time="0.0">
    <ignored/>
  </testcase> <!-- Verify_Signup -->
  <testcase classname="com.qa.AutomationExercise.page_test.Sign_Up_Page_Test_1" name="demoT3" time="0.0">
    <ignored/>
  </testcase> <!-- demoT3 -->
  <testcase classname="com.qa.AutomationExercise.page_test.Sign_Up_Page_Test_1" name="demoT4" time="0.0">
    <ignored/>
  </testcase> <!-- demoT4 -->
</testsuite> <!-- Default test -->
