<?xml version="1.0" encoding="UTF-8"?>
<testng-results ignored="0" total="1" passed="1" failed="0" skipped="0">
  <reporter-output>
  </reporter-output>
  <suite started-at="2024-10-26T12:05:57 IST" name="Default suite" finished-at="2024-10-26T12:06:18 IST" duration-ms="21247">
    <groups>
    </groups>
    <test started-at="2024-10-26T12:05:57 IST" name="Default test" finished-at="2024-10-26T12:06:18 IST" duration-ms="21247">
      <class name="com.qa.AutomationExercise.page_test.Sign_Up_Page_Test_1">
        <test-method is-config="true" signature="setup()[pri:0, instance:com.qa.AutomationExercise.page_test.Sign_Up_Page_Test_1@2ce86164]" started-at="2024-10-26T12:05:57 IST" name="setup" finished-at="2024-10-26T12:06:07 IST" duration-ms="9754" status="PASS">
          <reporter-output>
          </reporter-output>
        </test-method> <!-- setup -->
        <test-method signature="Verify_Login()[pri:2, instance:com.qa.AutomationExercise.page_test.Sign_Up_Page_Test_1@2ce86164]" started-at="2024-10-26T12:06:07 IST" name="Verify_Login" finished-at="2024-10-26T12:06:15 IST" duration-ms="7864" status="PASS">
          <reporter-output>
          </reporter-output>
        </test-method> <!-- Verify_Login -->
        <test-method is-config="true" signature="tear_Down()[pri:0, instance:com.qa.AutomationExercise.page_test.Sign_Up_Page_Test_1@2ce86164]" started-at="2024-10-26T12:06:15 IST" name="tear_Down" finished-at="2024-10-26T12:06:18 IST" duration-ms="3367" status="PASS">
          <reporter-output>
          </reporter-output>
        </test-method> <!-- tear_Down -->
      </class> <!-- com.qa.AutomationExercise.page_test.Sign_Up_Page_Test_1 -->
    </test> <!-- Default test -->
  </suite> <!-- Default suite -->
</testng-results>
