<?xml version="1.0" encoding="UTF-8"?>
<testng-results ignored="0" total="1" passed="1" failed="0" skipped="0">
  <reporter-output>
  </reporter-output>
  <suite started-at="2024-10-22T11:40:57 IST" name="Default suite" finished-at="2024-10-22T11:42:02 IST" duration-ms="64716">
    <groups>
    </groups>
    <test started-at="2024-10-22T11:40:57 IST" name="Default test" finished-at="2024-10-22T11:42:02 IST" duration-ms="64716">
      <class name="com.qa.AutomationExercise.page_test.Orderplaced_page_test_8">
        <test-method is-config="true" signature="setup()[pri:0, instance:com.qa.AutomationExercise.page_test.Orderplaced_page_test_8@2c9399a4]" started-at="2024-10-22T11:40:58 IST" name="setup" finished-at="2024-10-22T11:41:04 IST" duration-ms="5934" status="PASS">
          <reporter-output>
          </reporter-output>
        </test-method> <!-- setup -->
        <test-method signature="order_place_test()[pri:6, instance:com.qa.AutomationExercise.page_test.Orderplaced_page_test_8@2c9399a4]" started-at="2024-10-22T11:41:04 IST" name="order_place_test" description="payment_page" finished-at="2024-10-22T11:41:58 IST" duration-ms="54794" status="PASS">
          <reporter-output>
          </reporter-output>
        </test-method> <!-- order_place_test -->
        <test-method is-config="true" signature="tear_Down()[pri:0, instance:com.qa.AutomationExercise.page_test.Orderplaced_page_test_8@2c9399a4]" started-at="2024-10-22T11:41:58 IST" name="tear_Down" finished-at="2024-10-22T11:42:02 IST" duration-ms="3649" status="PASS">
          <reporter-output>
          </reporter-output>
        </test-method> <!-- tear_Down -->
      </class> <!-- com.qa.AutomationExercise.page_test.Orderplaced_page_test_8 -->
    </test> <!-- Default test -->
  </suite> <!-- Default suite -->
</testng-results>
